{"message":"language page:ReferenceError: pageSize is not defined","level":"error","service":"user-interact"}
{"message":"language page:ReferenceError: pageSize is not defined","level":"error","service":"user-interact"}
{"message":"language page:ReferenceError: pageSize is not defined","level":"error","service":"user-interact"}
{"message":"language page:MongoError: $regex has to be a string","level":"error","service":"user-interact"}
{"message":"language page:MongoError: $regex has to be a string","level":"error","service":"user-interact"}
{"message":"language page:MongoError: $regex has to be a string","level":"error","service":"user-interact"}
{"message":"language page:MongoError: $regex has to be a string","level":"error","service":"user-interact"}
{"message":"category page:TypeError: schemaPage is not a function","level":"error","service":"user-interact"}
{"message":"category page:TypeError: schemaPage is not a function","level":"error","service":"user-interact"}
{"message":"category page:TypeError: schemaPage is not a function","level":"error","service":"user-interact"}
{"message":"category page:TypeError: schemaPage is not a function","level":"error","service":"user-interact"}
{"message":"category page:TypeError: schemaPage is not a function","level":"error","service":"user-interact"}
{"message":"category page:TypeError: schemaPage is not a function","level":"error","service":"user-interact"}
{"message":"category page:TypeError: schemaPage is not a function","level":"error","service":"user-interact"}
{"message":"language page:ReferenceError: schemaPage is not defined","level":"error","service":"user-interact"}
{"message":"language page:ReferenceError: schemaPage is not defined","level":"error","service":"user-interact"}
{"message":"language page:ReferenceError: schemaPage is not defined","level":"error","service":"user-interact"}
{"message":"language page:ReferenceError: schemaPage is not defined","level":"error","service":"user-interact"}
{"message":"language props:ReferenceError: Language is not defined","level":"error","service":"user-interact"}
{"message":"language props:ReferenceError: Language is not defined","level":"error","service":"user-interact"}
{"message":"category post:TypeError: docObj.save is not a function","level":"error","service":"user-interact"}
{"message":"category post:TypeError: docObj.save is not a function","level":"error","service":"user-interact"}
{"message":"category post:ReferenceError: savemessage is not defined","level":"error","service":"user-interact"}
{"message":"category post:ReferenceError: savemessage is not defined","level":"error","service":"user-interact"}
{"message":"category page:ReferenceError: schemaPagewithPopulate1 is not defined","level":"error","service":"user-interact"}
{"message":"category page:ReferenceError: schemaPagewithPopulate1 is not defined","level":"error","service":"user-interact"}
{"message":"category page:ReferenceError: schemaPagewithPopulate1 is not defined","level":"error","service":"user-interact"}
{"message":"category post:TypeError: docObj.save is not a function","level":"error","service":"user-interact"}
{"message":"category post:TypeError: docObj.save is not a function","level":"error","service":"user-interact"}
{"message":"category post:ValidationError: _id: Cast to ObjectId failed for value \"\" (type string) at path \"_id\"","level":"error","service":"user-interact"}
{"message":"language post:TypeError: docObj.save is not a function","level":"error","service":"user-interact"}
{"message":"category put:ReferenceError: updatemessage is not defined","level":"error","service":"user-interact"}
